video_call/build/app/intermediates/manifest_merge_blame_file/debug/manifest-merger-blame-debug-report.txt
1<?xml version="1.0" encoding="utf-8"?>
2<manifest xmlns:android="http://schemas.android.com/apk/res/android"
3    package="com.example.video_call"
4    android:versionCode="1"
5    android:versionName="1.0.0" >
6
7    <uses-sdk
8        android:minSdkVersion="19"
9        android:targetSdkVersion="33" />
10    <!--
11         The INTERNET permission is required for development. Specifically,
12         the Flutter tool needs it to communicate with the running application
13         to allow setting breakpoints, to provide hot reload, etc.
14    -->
15    <uses-permission android:name="android.permission.INTERNET" />
15-->src\main\AndroidManifest.xml:3:5-67
15-->src\main\AndroidManifest.xml:3:22-64
16    <uses-permission android:name="android.permission.READ_PHONE_STATE" />
16-->src\main\AndroidManifest.xml:2:5-75
16-->src\main\AndroidManifest.xml:2:22-72
17    <uses-permission android:name="android.permission.RECORD_AUDIO" />
17-->src\main\AndroidManifest.xml:4:5-71
17-->src\main\AndroidManifest.xml:4:22-68
18    <uses-permission android:name="android.permission.CAMERA" />
18-->src\main\AndroidManifest.xml:5:5-65
18-->src\main\AndroidManifest.xml:5:22-62
19    <uses-permission android:name="android.permission.MODIFY_AUDIO_SETTINGS" />
19-->src\main\AndroidManifest.xml:6:5-80
19-->src\main\AndroidManifest.xml:6:22-77
20    <uses-permission android:name="android.permission.ACCESS_NETWORK_STATE" />
20-->src\main\AndroidManifest.xml:7:5-79
20-->src\main\AndroidManifest.xml:7:22-76
21    <uses-permission android:name="android.permission.BLUETOOTH" />
21-->src\main\AndroidManifest.xml:8:5-68
21-->src\main\AndroidManifest.xml:8:22-65
22    <uses-permission android:name="android.permission.BLUETOOTH_CONNECT" />
22-->src\main\AndroidManifest.xml:9:5-76
22-->src\main\AndroidManifest.xml:9:22-73
23    <uses-permission android:name="android.permission.ACCESS_WIFI_STATE" />
23-->src\main\AndroidManifest.xml:10:5-76
23-->src\main\AndroidManifest.xml:10:22-73
24    <uses-permission android:name="android.permission.READ_EXTERNAL_STORAGE" />
24-->src\main\AndroidManifest.xml:11:5-80
24-->src\main\AndroidManifest.xml:11:22-77
25    <uses-permission android:name="android.permission.WAKE_LOCK" />
25-->src\main\AndroidManifest.xml:12:5-68
25-->src\main\AndroidManifest.xml:12:22-65
26    <uses-permission android:name="android.permission.READ_PRIVILEGED_PHONE_STATE" />
26-->[:agora_rtc_engine] AndroidManifest.xml:19:5-21:47
26-->[:agora_rtc_engine] AndroidManifest.xml:20:9-70
27    <uses-permission android:name="android.permission.FOREGROUND_SERVICE" />
27-->[io.agora.rtc:full-screen-sharing:4.2.0] AndroidManifest.xml:7:5-77
27-->[io.agora.rtc:full-screen-sharing:4.2.0] AndroidManifest.xml:7:22-74
28
29    <application
30        android:name="android.app.Application"
31        android:appComponentFactory="androidx.core.app.CoreComponentFactory"
31-->[androidx.core:core:1.6.0] AndroidManifest.xml:24:18-86
32        android:debuggable="true"
33        android:icon="@mipmap/ic_launcher"
34        android:label="video_call" >
35        <activity
36            android:name="com.example.video_call.MainActivity"
37            android:configChanges="orientation|keyboardHidden|keyboard|screenSize|smallestScreenSize|locale|layoutDirection|fontScale|screenLayout|density|uiMode"
38            android:exported="true"
39            android:hardwareAccelerated="true"
40            android:launchMode="singleTop"
41            android:theme="@style/LaunchTheme"
42            android:windowSoftInputMode="adjustResize" >
43
44            <!--
45                 Specifies an Android theme to apply to this Activity as soon as
46                 the Android process has started. This theme is visible to the user
47                 while the Flutter UI initializes. After that, this theme continues
48                 to determine the Window background behind the Flutter UI.
49            -->
50            <meta-data
51                android:name="io.flutter.embedding.android.NormalTheme"
52                android:resource="@style/NormalTheme" />
53
54            <intent-filter>
55                <action android:name="android.intent.action.MAIN" />
56
57                <category android:name="android.intent.category.LAUNCHER" />
58            </intent-filter>
59        </activity>
60        <!--
61             Don't delete the meta-data below.
62             This is used by the Flutter tool to generate GeneratedPluginRegistrant.java
63        -->
64        <meta-data
65            android:name="flutterEmbedding"
66            android:value="2" />
67
68        <uses-library
68-->[androidx.window:window:1.0.0-beta04] AndroidManifest.xml:25:9-27:40
69            android:name="androidx.window.extensions"
69-->[androidx.window:window:1.0.0-beta04] AndroidManifest.xml:26:13-54
70            android:required="false" />
70-->[androidx.window:window:1.0.0-beta04] AndroidManifest.xml:27:13-37
71        <uses-library
71-->[androidx.window:window:1.0.0-beta04] AndroidManifest.xml:28:9-30:40
72            android:name="androidx.window.sidecar"
72-->[androidx.window:window:1.0.0-beta04] AndroidManifest.xml:29:13-51
73            android:required="false" />
73-->[androidx.window:window:1.0.0-beta04] AndroidManifest.xml:30:13-37
74
75        <activity
75-->[io.agora.rtc:full-screen-sharing:4.2.0] AndroidManifest.xml:10:9-13:63
76            android:name="io.agora.rtc2.extensions.MediaProjectionMgr$LocalScreenCaptureAssistantActivity"
76-->[io.agora.rtc:full-screen-sharing:4.2.0] AndroidManifest.xml:10:19-89
77            android:configChanges="screenSize|orientation"
77-->[io.agora.rtc:full-screen-sharing:4.2.0] AndroidManifest.xml:11:13-59
78            android:screenOrientation="fullUser"
78-->[io.agora.rtc:full-screen-sharing:4.2.0] AndroidManifest.xml:12:13-49
79            android:theme="@android:style/Theme.Translucent" />
79-->[io.agora.rtc:full-screen-sharing:4.2.0] AndroidManifest.xml:13:13-61
80
81        <service
81-->[io.agora.rtc:full-screen-sharing:4.2.0] AndroidManifest.xml:15:9-18:19
82            android:name="io.agora.rtc2.extensions.MediaProjectionMgr$LocalScreenSharingService"
82-->[io.agora.rtc:full-screen-sharing:4.2.0] AndroidManifest.xml:16:13-73
83            android:foregroundServiceType="mediaProjection" >
83-->[io.agora.rtc:full-screen-sharing:4.2.0] AndroidManifest.xml:17:13-60
84        </service>
85    </application>
86
87</manifest>